2024-09-25 00:01:20,360 - root - INFO -  ***************************Verifying test_homePageTitle_TC001*************** 
2024-09-25 00:01:21,394 - root - INFO -  *****************Home page title test is passed************************* 
2024-09-25 00:01:21,963 - root - INFO -  ***************************Verifying test_Login_TC002*************** 
2024-09-25 00:01:26,322 - root - INFO - *****************After Login page title test is passed*************************
2024-09-25 00:01:26,745 - root - INFO - ***************************Verifying test_Logout_TC003***************
2024-09-25 12:27:11,817 - root - INFO -  ***************************Verifying test_homePageTitle_TC001*************** 
2024-09-25 12:27:12,285 - root - INFO -  *****************Home page title test is passed************************* 
2024-09-25 12:27:12,868 - root - INFO -  ***************************Verifying test_Login_TC002*************** 
2024-09-25 12:27:15,978 - root - INFO - *****************After Login page title test is passed*************************
2024-09-25 12:27:16,475 - root - INFO - ***************************Verifying test_Logout_TC003***************
2024-09-25 12:27:23,332 - root - INFO - *****************After Logout page title test is passed*************************
2024-09-25 12:34:39,872 - root - INFO -  ***************************Verifying test_homePageTitle_TC001*************** 
2024-09-25 12:34:39,911 - root - INFO - ***************************Verifying test_Logout_TC003***************
2024-09-25 12:34:40,010 - root - INFO -  ***************************Verifying test_Login_TC002*************** 
2024-09-25 12:34:40,380 - root - INFO -  *****************Home page title test is passed************************* 
2024-09-25 12:34:43,050 - root - INFO - *****************After Login page title test is passed*************************
2024-09-25 12:35:48,940 - root - INFO -  ***************************Verifying test_homePageTitle_TC001*************** 
2024-09-25 12:35:48,981 - root - INFO - ***************************Verifying test_Logout_TC003***************
2024-09-25 12:35:48,986 - root - INFO -  ***************************Verifying test_Login_TC002*************** 
2024-09-25 12:35:49,501 - root - INFO -  *****************Home page title test is passed************************* 
2024-09-25 12:35:52,187 - root - INFO - *****************After Login page title test is passed*************************
2024-09-25 12:35:55,995 - root - INFO - *****************After Logout page title test is passed*************************
2024-09-25 12:59:12,681 - root - INFO -  ***************************Verifying test_Login_TC002*************** 
2024-09-25 12:59:12,698 - root - INFO - ***************************Verifying test_Logout_TC003***************
2024-09-25 12:59:12,770 - root - INFO -  ***************************Verifying test_homePageTitle_TC001*************** 
2024-09-25 12:59:13,335 - root - INFO -  *****************Home page title test is passed************************* 
2024-09-25 12:59:16,023 - root - INFO - *****************After Login page title test is passed*************************
2024-09-25 12:59:19,845 - root - INFO - *****************After Logout page title test is passed*************************
2024-09-25 13:02:50,362 - root - INFO - ***************************Verifying test_Logout_TC003***************
2024-09-25 13:02:50,429 - root - INFO -  ***************************Verifying test_homePageTitle_TC001*************** 
2024-09-25 13:02:50,436 - root - INFO -  ***************************Verifying test_Login_TC002*************** 
2024-09-25 13:02:50,879 - root - INFO -  *****************Home page title test is passed************************* 
2024-09-25 13:02:53,546 - root - INFO - *****************After Login page title test is passed*************************
2024-09-25 13:04:37,204 - root - INFO -  ***************************Verifying test_homePageTitle_TC001*************** 
2024-09-25 13:04:37,277 - root - INFO -  ***************************Verifying test_Login_TC002*************** 
2024-09-25 13:04:37,279 - root - INFO - ***************************Verifying test_Logout_TC003***************
2024-09-25 13:04:37,693 - root - INFO -  *****************Home page title test is passed************************* 
2024-09-25 13:04:40,629 - root - INFO - *****************After Login page title test is passed*************************
2024-09-25 13:04:44,816 - root - INFO - *****************After Logout page title test is passed*************************
2024-09-25 13:08:54,775 - root - INFO -  ***************************Verifying test_Login_TC002*************** 
2024-09-25 13:08:54,838 - root - INFO -  ***************************Verifying test_homePageTitle_TC001*************** 
2024-09-25 13:08:54,917 - root - INFO - ***************************Verifying test_Logout_TC003***************
2024-09-25 13:08:55,328 - root - INFO -  *****************Home page title test is passed************************* 
2024-09-25 13:08:58,020 - root - INFO - *****************After Login page title test is passed*************************
2024-09-25 13:09:01,900 - root - INFO - *****************After Logout page title test is passed*************************
2024-09-25 13:12:44,690 - root - INFO -  ***************************Verifying test_homePageTitle_TC001*************** 
2024-09-25 13:12:44,771 - root - INFO -  ***************************Verifying test_Login_TC002*************** 
2024-09-25 13:12:44,811 - root - INFO - ***************************Verifying test_Logout_TC003***************
2024-09-25 13:12:45,156 - root - INFO -  *****************Home page title test is passed************************* 
2024-09-25 13:12:47,684 - root - INFO - *****************After Login page title test is passed*************************
2024-09-25 13:12:55,054 - root - INFO - *****************After Logout page title test is passed*************************
2024-09-25 15:55:31,342 - root - INFO -  ***************************Verifying test_homePageTitle_TC001*************** 
2024-09-25 15:55:31,763 - root - INFO -  *****************Home page title test is passed************************* 
2024-09-25 15:55:32,486 - root - INFO -  ***************************Verifying test_Login_TC002*************** 
2024-09-25 15:55:36,004 - root - INFO - *****************After Login page title test is passed*************************
2024-09-25 15:55:36,498 - root - INFO - ***************************Verifying test_Logout_TC003***************
2024-09-25 15:55:43,376 - root - INFO - *****************After Logout page title test is passed*************************
2024-09-25 15:56:17,881 - root - INFO - ***************************Verifying test_Logout_TC003***************
2024-09-25 15:56:20,927 - root - INFO - ######PASSED ####################
2024-09-25 15:56:21,712 - root - INFO - ######LOGIN DDT PASSED ####################
2024-09-25 16:00:01,461 - root - INFO - ***************************Verifying test_Logout_TC003***************
2024-09-25 16:00:41,048 - root - INFO - ***************************Verifying test_Logout_TC003***************
2024-09-25 16:00:43,773 - root - INFO - ######PASSED ####################
2024-09-25 16:00:44,517 - root - INFO - ######LOGIN DDT PASSED ####################
2024-09-25 16:07:31,174 - root - INFO - ***************************Verifying test_Logout_TC003***************
2024-09-25 16:07:34,277 - root - INFO - ######PASSED ####################
2024-09-25 16:08:21,712 - root - INFO - ***************************Verifying test_Logout_TC003***************
2024-09-25 16:08:24,843 - root - INFO - ######PASSED ####################
2024-09-25 16:08:30,858 - root - INFO - ######LOGIN DDT PASSED ####################
2024-09-25 16:14:41,760 - root - INFO - ***************************Verifying test_Logout_TC003***************
2024-09-25 16:14:44,791 - root - INFO - ######PASSED ####################
2024-09-25 16:14:47,524 - root - INFO - ######LOGIN DDT PASSED ####################
2024-09-25 16:20:08,544 - root - INFO - ***************************Verifying test_Logout_TC003***************
2024-09-25 16:20:11,765 - root - INFO - ######PASSED ####################
2024-09-25 16:23:17,515 - root - INFO - ***************************Verifying test_Logout_TC003***************
2024-09-25 16:23:20,730 - root - INFO - ######PASSED ####################
2024-09-25 16:23:37,532 - root - INFO - ######PASSED ####################
2024-09-25 16:26:03,576 - root - INFO - ***************************Verifying test_Logout_TC003***************
2024-09-25 16:26:06,777 - root - INFO - ######PASSED ####################
2024-09-25 16:26:21,992 - root - INFO - ######PASSED ####################
2024-09-25 16:26:24,528 - root - INFO - ######PASSED ####################
2024-09-25 16:26:39,703 - root - INFO - ######PASSED ####################
2024-09-25 16:28:24,336 - root - INFO - ***************************Verifying test_Logout_TC003***************
2024-09-25 16:28:27,690 - root - INFO - ######PASSED ####################
2024-09-25 16:28:42,886 - root - INFO - ######PASSED ####################
2024-09-25 16:28:45,308 - root - INFO - ######PASSED ####################
2024-09-25 16:29:00,430 - root - INFO - ######PASSED ####################
2024-09-25 16:39:10,716 - root - INFO - ***************************Verifying test_Logout_TC003***************
2024-09-25 16:39:14,102 - root - INFO - ######PASSED ####################
2024-09-25 16:39:29,611 - root - INFO - ######PASSED ####################
2024-09-25 16:39:32,231 - root - INFO - ######PASSED ####################
2024-09-25 16:39:47,605 - root - INFO - ######PASSED ####################
2024-09-25 16:42:10,127 - root - INFO - ***************************Verifying test_Logout_TC003***************
2024-09-25 16:42:13,441 - root - INFO - ######PASSED ####################
2024-09-25 16:42:28,777 - root - INFO - ######PASSED ####################
2024-09-25 16:42:31,172 - root - INFO - ######PASSED ####################
2024-09-25 16:42:47,248 - root - INFO - ######PASSED ####################
2024-09-25 16:43:39,134 - root - INFO - ***************************Verifying test_Logout_TC003***************
2024-09-25 16:43:42,093 - root - INFO - ######PASSED ####################
2024-09-25 16:43:57,616 - root - INFO - ######PASSED ####################
2024-09-25 16:44:00,028 - root - INFO - ######PASSED ####################
2024-09-25 16:44:15,146 - root - INFO - ######PASSED ####################
2024-09-25 16:44:15,147 - root - INFO - ######LOGIN DDT PASSED ####################
2024-09-25 16:44:15,258 - root - INFO - ######END OF test_DDT_Logout_TC001 testing ####################
2024-09-26 15:27:13,747 - root - INFO -  ***************************Verifying test_Login_TC002*************** 
2024-09-26 15:27:13,747 - root - INFO -  ***************************Verifying test_Login_TC002*************** 
2024-09-26 15:27:16,786 - root - INFO - *****************After Login page title test is passed*************************
2024-09-26 15:27:16,786 - root - INFO - *****************After Login page title test is passed*************************
2024-09-26 15:32:23,152 - root - INFO -  ***************************Verifying test_Login_TC002*************** 
2024-09-26 15:32:23,152 - root - INFO -  ***************************Verifying test_Login_TC002*************** 
2024-09-26 15:32:26,337 - root - INFO - *****************After Login page title test is passed*************************
2024-09-26 15:32:26,337 - root - INFO - *****************After Login page title test is passed*************************
2024-09-26 15:32:26,819 - root - INFO - ***************************Verifying test_Logout_TC003***************
2024-09-26 15:32:26,819 - root - INFO - ***************************Verifying test_Logout_TC003***************
2024-09-26 15:32:33,798 - root - INFO - *****************After Logout page title test is passed*************************
2024-09-26 15:32:33,798 - root - INFO - *****************After Logout page title test is passed*************************
2024-09-26 15:35:54,390 - root - INFO -  ***************************Verifying test_homePageTitle_TC001*************** 
2024-09-26 15:35:54,390 - root - INFO -  ***************************Verifying test_homePageTitle_TC001*************** 
2024-09-26 15:35:54,854 - root - INFO -  *****************Home page title test is passed************************* 
2024-09-26 15:35:54,854 - root - INFO -  *****************Home page title test is passed************************* 
2024-09-26 15:35:55,489 - root - INFO -  ***************************Verifying test_Login_TC002*************** 
2024-09-26 15:35:55,489 - root - INFO -  ***************************Verifying test_Login_TC002*************** 
2024-09-26 15:35:58,412 - root - INFO - *****************After Login page title test is passed*************************
2024-09-26 15:35:58,412 - root - INFO - *****************After Login page title test is passed*************************
2024-09-26 15:35:58,865 - root - INFO - ***************************Verifying test_Logout_TC003***************
2024-09-26 15:35:58,865 - root - INFO - ***************************Verifying test_Logout_TC003***************
2024-09-26 15:36:01,800 - root - INFO - ######PASSED ####################
2024-09-26 15:36:01,800 - root - INFO - ######PASSED ####################
2024-09-26 15:36:13,029 - root - INFO - ######PASSED ####################
2024-09-26 15:36:13,029 - root - INFO - ######PASSED ####################
2024-09-26 15:36:15,599 - root - INFO - ######PASSED ####################
2024-09-26 15:36:15,599 - root - INFO - ######PASSED ####################
2024-09-26 15:36:27,291 - root - INFO - ######PASSED ####################
2024-09-26 15:36:27,291 - root - INFO - ######PASSED ####################
2024-09-26 15:36:27,292 - root - INFO - ######LOGIN DDT PASSED ####################
2024-09-26 15:36:27,292 - root - INFO - ######LOGIN DDT PASSED ####################
2024-09-26 15:36:27,403 - root - INFO - ######END OF test_DDT_Logout_TC001 testing ####################
2024-09-26 15:36:27,403 - root - INFO - ######END OF test_DDT_Logout_TC001 testing ####################
2024-09-26 16:17:00,156 - root - INFO -  ***************************Verifying test_homePageTitle_TC001*************** 
2024-09-26 16:17:00,156 - root - INFO -  ***************************Verifying test_homePageTitle_TC001*************** 
2024-09-26 16:17:00,575 - root - INFO -  *****************Home page title test is passed************************* 
2024-09-26 16:17:00,575 - root - INFO -  *****************Home page title test is passed************************* 
2024-09-26 16:17:01,133 - root - INFO -  ***************************Verifying test_Login_TC002*************** 
2024-09-26 16:17:01,133 - root - INFO -  ***************************Verifying test_Login_TC002*************** 
2024-09-26 16:17:04,204 - root - INFO - *****************After Login page title test is passed*************************
2024-09-26 16:17:04,204 - root - INFO - *****************After Login page title test is passed*************************
2024-09-26 16:17:04,659 - root - INFO - ***************************Verifying test_Logout_TC003***************
2024-09-26 16:17:04,659 - root - INFO - ***************************Verifying test_Logout_TC003***************
2024-09-26 16:17:07,725 - root - INFO - ######PASSED ####################
2024-09-26 16:17:07,725 - root - INFO - ######PASSED ####################
2024-09-26 16:17:18,841 - root - INFO - ######PASSED ####################
2024-09-26 16:17:18,841 - root - INFO - ######PASSED ####################
2024-09-26 16:17:21,304 - root - INFO - ######PASSED ####################
2024-09-26 16:17:21,304 - root - INFO - ######PASSED ####################
2024-09-26 16:18:50,681 - root - INFO -  ***************************Verifying test_homePageTitle_TC001*************** 
2024-09-26 16:18:50,681 - root - INFO -  ***************************Verifying test_homePageTitle_TC001*************** 
2024-09-26 16:18:51,123 - root - INFO -  *****************Home page title test is passed************************* 
2024-09-26 16:18:51,123 - root - INFO -  *****************Home page title test is passed************************* 
2024-09-26 16:18:51,748 - root - INFO -  ***************************Verifying test_Login_TC002*************** 
2024-09-26 16:18:51,748 - root - INFO -  ***************************Verifying test_Login_TC002*************** 
2024-09-26 16:18:54,794 - root - INFO - *****************After Login page title test is passed*************************
2024-09-26 16:18:54,794 - root - INFO - *****************After Login page title test is passed*************************
2024-09-26 16:18:55,287 - root - INFO - ***************************Verifying test_Logout_TC003***************
2024-09-26 16:18:55,287 - root - INFO - ***************************Verifying test_Logout_TC003***************
2024-09-26 16:18:58,362 - root - INFO - ######PASSED ####################
2024-09-26 16:18:58,362 - root - INFO - ######PASSED ####################
2024-09-26 16:19:09,541 - root - INFO - ######PASSED ####################
2024-09-26 16:19:09,541 - root - INFO - ######PASSED ####################
2024-09-26 16:19:11,998 - root - INFO - ######PASSED ####################
2024-09-26 16:19:11,998 - root - INFO - ######PASSED ####################
2024-09-26 16:19:23,161 - root - INFO - ######PASSED ####################
2024-09-26 16:19:23,161 - root - INFO - ######PASSED ####################
2024-09-26 16:19:23,161 - root - INFO - ######LOGIN DDT PASSED ####################
2024-09-26 16:19:23,161 - root - INFO - ######LOGIN DDT PASSED ####################
2024-09-26 16:19:23,274 - root - INFO - ######END OF test_DDT_Logout_TC001 testing ####################
2024-09-26 16:19:23,274 - root - INFO - ######END OF test_DDT_Logout_TC001 testing ####################
2024-09-26 16:25:36,051 - root - INFO -  ***************************Verifying test_homePageTitle_TC001*************** 
2024-09-26 16:25:36,051 - root - INFO -  ***************************Verifying test_homePageTitle_TC001*************** 
2024-09-26 16:25:36,525 - root - INFO -  *****************Home page title test is passed************************* 
2024-09-26 16:25:36,525 - root - INFO -  *****************Home page title test is passed************************* 
2024-09-26 16:25:37,006 - root - INFO -  ***************************Verifying test_Login_TC002*************** 
2024-09-26 16:25:37,006 - root - INFO -  ***************************Verifying test_Login_TC002*************** 
2024-09-26 16:25:40,162 - root - INFO - *****************After Login page title test is passed*************************
2024-09-26 16:25:40,162 - root - INFO - *****************After Login page title test is passed*************************
2024-09-26 16:25:40,586 - root - INFO - ***************************Verifying test_Logout_TC003***************
2024-09-26 16:25:40,586 - root - INFO - ***************************Verifying test_Logout_TC003***************
2024-09-26 16:25:43,519 - root - INFO - ######PASSED ####################
2024-09-26 16:25:43,519 - root - INFO - ######PASSED ####################
2024-09-26 16:25:54,574 - root - INFO - ######PASSED ####################
2024-09-26 16:25:54,574 - root - INFO - ######PASSED ####################
2024-09-26 16:25:57,033 - root - INFO - ######PASSED ####################
2024-09-26 16:25:57,033 - root - INFO - ######PASSED ####################
2024-09-26 16:26:08,170 - root - INFO - ######PASSED ####################
2024-09-26 16:26:08,170 - root - INFO - ######PASSED ####################
2024-09-26 16:26:08,170 - root - INFO - ######LOGIN DDT PASSED ####################
2024-09-26 16:26:08,170 - root - INFO - ######LOGIN DDT PASSED ####################
2024-09-26 16:26:08,238 - root - INFO - ######END OF test_DDT_Logout_TC001 testing ####################
2024-09-26 16:26:08,238 - root - INFO - ######END OF test_DDT_Logout_TC001 testing ####################
2024-09-26 16:27:10,126 - root - INFO -  ***************************Verifying test_homePageTitle_TC001*************** 
2024-09-26 16:27:10,126 - root - INFO -  ***************************Verifying test_homePageTitle_TC001*************** 
2024-09-26 16:27:10,597 - root - INFO -  *****************Home page title test is passed************************* 
2024-09-26 16:27:10,597 - root - INFO -  *****************Home page title test is passed************************* 
2024-09-26 16:27:11,185 - root - INFO -  ***************************Verifying test_Login_TC002*************** 
2024-09-26 16:27:11,185 - root - INFO -  ***************************Verifying test_Login_TC002*************** 
2024-09-26 16:27:14,327 - root - INFO - *****************After Login page title test is passed*************************
2024-09-26 16:27:14,327 - root - INFO - *****************After Login page title test is passed*************************
2024-09-26 16:27:17,934 - root - INFO - ***************************Verifying test_Logout_TC003***************
2024-09-26 16:27:17,934 - root - INFO - ***************************Verifying test_Logout_TC003***************
2024-09-26 16:27:21,755 - root - INFO - ######PASSED ####################
2024-09-26 16:27:21,755 - root - INFO - ######PASSED ####################
2024-09-26 16:27:33,087 - root - INFO - ######PASSED ####################
2024-09-26 16:27:33,087 - root - INFO - ######PASSED ####################
2024-09-26 16:27:35,597 - root - INFO - ######PASSED ####################
2024-09-26 16:27:35,597 - root - INFO - ######PASSED ####################
2024-09-26 16:27:46,741 - root - INFO - ######PASSED ####################
2024-09-26 16:27:46,741 - root - INFO - ######PASSED ####################
2024-09-26 16:27:46,742 - root - INFO - ######LOGIN DDT PASSED ####################
2024-09-26 16:27:46,742 - root - INFO - ######LOGIN DDT PASSED ####################
2024-09-26 16:27:46,852 - root - INFO - ######END OF test_DDT_Logout_TC001 testing ####################
2024-09-26 16:27:46,852 - root - INFO - ######END OF test_DDT_Logout_TC001 testing ####################
